<?xml version="1.0" encoding="UTF-8"?>
<testsuite name="com.example.kotlinspring.KotlinSpringApplicationTests" tests="1" skipped="0" failures="0" errors="0" timestamp="2021-12-01T20:49:06" hostname="mb-C02D51MKP3YV" time="0.388">
  <properties/>
  <testcase name="contextLoads()" classname="com.example.kotlinspring.KotlinSpringApplicationTests" time="0.388"/>
  <system-out><![CDATA[21:49:03.132 [Test worker] DEBUG org.springframework.test.context.BootstrapUtils - Instantiating CacheAwareContextLoaderDelegate from class [org.springframework.test.context.cache.DefaultCacheAwareContextLoaderDelegate]
21:49:03.144 [Test worker] DEBUG org.springframework.test.context.BootstrapUtils - Instantiating BootstrapContext using constructor [public org.springframework.test.context.support.DefaultBootstrapContext(java.lang.Class,org.springframework.test.context.CacheAwareContextLoaderDelegate)]
21:49:03.184 [Test worker] DEBUG org.springframework.test.context.BootstrapUtils - Instantiating TestContextBootstrapper for test class [com.example.kotlinspring.KotlinSpringApplicationTests] from class [org.springframework.boot.test.context.SpringBootTestContextBootstrapper]
21:49:03.198 [Test worker] INFO org.springframework.boot.test.context.SpringBootTestContextBootstrapper - Neither @ContextConfiguration nor @ContextHierarchy found for test class [com.example.kotlinspring.KotlinSpringApplicationTests], using SpringBootContextLoader
21:49:03.203 [Test worker] DEBUG org.springframework.test.context.support.AbstractContextLoader - Did not detect default resource location for test class [com.example.kotlinspring.KotlinSpringApplicationTests]: class path resource [com/example/kotlinspring/KotlinSpringApplicationTests-context.xml] does not exist
21:49:03.203 [Test worker] DEBUG org.springframework.test.context.support.AbstractContextLoader - Did not detect default resource location for test class [com.example.kotlinspring.KotlinSpringApplicationTests]: class path resource [com/example/kotlinspring/KotlinSpringApplicationTestsContext.groovy] does not exist
21:49:03.204 [Test worker] INFO org.springframework.test.context.support.AbstractContextLoader - Could not detect default resource locations for test class [com.example.kotlinspring.KotlinSpringApplicationTests]: no resource found for suffixes {-context.xml, Context.groovy}.
21:49:03.205 [Test worker] INFO org.springframework.test.context.support.AnnotationConfigContextLoaderUtils - Could not detect default configuration classes for test class [com.example.kotlinspring.KotlinSpringApplicationTests]: KotlinSpringApplicationTests does not declare any static, non-private, non-final, nested classes annotated with @Configuration.
21:49:03.253 [Test worker] DEBUG org.springframework.test.context.support.ActiveProfilesUtils - Could not find an 'annotation declaring class' for annotation type [org.springframework.test.context.ActiveProfiles] and class [com.example.kotlinspring.KotlinSpringApplicationTests]
21:49:03.303 [Test worker] DEBUG org.springframework.context.annotation.ClassPathScanningCandidateComponentProvider - Identified candidate component class: file [/Users/teodor.russu/pWorkspaces/hello-spring-kotlin/build/classes/kotlin/main/com/example/kotlinspring/KotlinSpringApplication.class]
21:49:03.305 [Test worker] INFO org.springframework.boot.test.context.SpringBootTestContextBootstrapper - Found @SpringBootConfiguration com.example.kotlinspring.KotlinSpringApplication for test class com.example.kotlinspring.KotlinSpringApplicationTests
21:49:03.400 [Test worker] DEBUG org.springframework.boot.test.context.SpringBootTestContextBootstrapper - @TestExecutionListeners is not present for class [com.example.kotlinspring.KotlinSpringApplicationTests]: using defaults.
21:49:03.400 [Test worker] INFO org.springframework.boot.test.context.SpringBootTestContextBootstrapper - Loaded default TestExecutionListener class names from location [META-INF/spring.factories]: [org.springframework.boot.test.autoconfigure.restdocs.RestDocsTestExecutionListener, org.springframework.boot.test.autoconfigure.web.client.MockRestServiceServerResetTestExecutionListener, org.springframework.boot.test.autoconfigure.web.servlet.MockMvcPrintOnlyOnFailureTestExecutionListener, org.springframework.boot.test.autoconfigure.web.servlet.WebDriverTestExecutionListener, org.springframework.boot.test.autoconfigure.webservices.client.MockWebServiceServerTestExecutionListener, org.springframework.boot.test.mock.mockito.MockitoTestExecutionListener, org.springframework.boot.test.mock.mockito.ResetMocksTestExecutionListener, org.springframework.test.context.web.ServletTestExecutionListener, org.springframework.test.context.support.DirtiesContextBeforeModesTestExecutionListener, org.springframework.test.context.event.ApplicationEventsTestExecutionListener, org.springframework.test.context.support.DependencyInjectionTestExecutionListener, org.springframework.test.context.support.DirtiesContextTestExecutionListener, org.springframework.test.context.transaction.TransactionalTestExecutionListener, org.springframework.test.context.jdbc.SqlScriptsTestExecutionListener, org.springframework.test.context.event.EventPublishingTestExecutionListener]
21:49:03.420 [Test worker] INFO org.springframework.boot.test.context.SpringBootTestContextBootstrapper - Using TestExecutionListeners: [org.springframework.test.context.web.ServletTestExecutionListener@30c31dd7, org.springframework.test.context.support.DirtiesContextBeforeModesTestExecutionListener@499b2a5c, org.springframework.test.context.event.ApplicationEventsTestExecutionListener@596df867, org.springframework.boot.test.mock.mockito.MockitoTestExecutionListener@c1fca1e, org.springframework.boot.test.autoconfigure.SpringBootDependencyInjectionTestExecutionListener@241a53ef, org.springframework.test.context.support.DirtiesContextTestExecutionListener@344344fa, org.springframework.test.context.transaction.TransactionalTestExecutionListener@2db2cd5, org.springframework.test.context.jdbc.SqlScriptsTestExecutionListener@70e659aa, org.springframework.test.context.event.EventPublishingTestExecutionListener@615f972, org.springframework.boot.test.autoconfigure.restdocs.RestDocsTestExecutionListener@285f09de, org.springframework.boot.test.autoconfigure.web.client.MockRestServiceServerResetTestExecutionListener@73393584, org.springframework.boot.test.autoconfigure.web.servlet.MockMvcPrintOnlyOnFailureTestExecutionListener@31500940, org.springframework.boot.test.autoconfigure.web.servlet.WebDriverTestExecutionListener@1827a871, org.springframework.boot.test.autoconfigure.webservices.client.MockWebServiceServerTestExecutionListener@48e64352, org.springframework.boot.test.mock.mockito.ResetMocksTestExecutionListener@7249dadf]
21:49:03.424 [Test worker] DEBUG org.springframework.test.context.support.AbstractDirtiesContextTestExecutionListener - Before test class: context [DefaultTestContext@77b7ffa4 testClass = KotlinSpringApplicationTests, testInstance = [null], testMethod = [null], testException = [null], mergedContextConfiguration = [WebMergedContextConfiguration@5ed190be testClass = KotlinSpringApplicationTests, locations = '{}', classes = '{class com.example.kotlinspring.KotlinSpringApplication}', contextInitializerClasses = '[]', activeProfiles = '{}', propertySourceLocations = '{}', propertySourceProperties = '{org.springframework.boot.test.context.SpringBootTestContextBootstrapper=true}', contextCustomizers = set[org.springframework.boot.test.autoconfigure.actuate.metrics.MetricsExportContextCustomizerFactory$DisableMetricExportContextCustomizer@765f05af, org.springframework.boot.test.autoconfigure.properties.PropertyMappingContextCustomizer@0, org.springframework.boot.test.autoconfigure.web.servlet.WebDriverContextCustomizerFactory$Customizer@3543df7d, org.springframework.boot.test.context.filter.ExcludeFilterContextCustomizer@1e7aa82b, org.springframework.boot.test.json.DuplicateJsonObjectContextCustomizerFactory$DuplicateJsonObjectContextCustomizer@c1bd0be, org.springframework.boot.test.mock.mockito.MockitoContextCustomizer@0, org.springframework.boot.test.web.client.TestRestTemplateContextCustomizer@1021f6c9, org.springframework.boot.test.context.SpringBootTestArgs@1, org.springframework.boot.test.context.SpringBootTestWebEnvironment@6d5620ce], resourceBasePath = 'src/main/webapp', contextLoader = 'org.springframework.boot.test.context.SpringBootContextLoader', parent = [null]], attributes = map['org.springframework.test.context.web.ServletTestExecutionListener.activateListener' -> true]], class annotated with @DirtiesContext [false] with mode [null].
21:49:03.522 [Test worker] DEBUG org.springframework.boot.ApplicationServletEnvironment - Activating profiles []
21:49:03.523 [Test worker] DEBUG org.springframework.test.context.support.TestPropertySourceUtils - Adding inlined properties to environment: {spring.jmx.enabled=false, org.springframework.boot.test.context.SpringBootTestContextBootstrapper=true}

  .   ____          _            __ _ _
 /\\ / ___'_ __ _ _(_)_ __  __ _ \ \ \ \
( ( )\___ | '_ | '_| | '_ \/ _` | \ \ \ \
 \\/  ___)| |_)| | | | | || (_| |  ) ) ) )
  '  |____| .__|_| |_|_| |_\__, | / / / /
 =========|_|==============|___/=/_/_/_/
 :: Spring Boot ::                (v2.6.1)

2021-12-01 21:49:03.844  INFO 7826 --- [    Test worker] c.e.k.KotlinSpringApplicationTests       : Starting KotlinSpringApplicationTests using Java 11.0.13 on mb-C02D51MKP3YV with PID 7826 (started by teodor.russu in /Users/teodor.russu/pWorkspaces/hello-spring-kotlin)
2021-12-01 21:49:03.845  INFO 7826 --- [    Test worker] c.e.k.KotlinSpringApplicationTests       : No active profile set, falling back to default profiles: default
2021-12-01 21:49:04.517  INFO 7826 --- [    Test worker] .s.d.r.c.RepositoryConfigurationDelegate : Bootstrapping Spring Data JDBC repositories in DEFAULT mode.
2021-12-01 21:49:04.525  INFO 7826 --- [    Test worker] .s.d.r.c.RepositoryConfigurationDelegate : Finished Spring Data repository scanning in 4 ms. Found 0 JDBC repository interfaces.
2021-12-01 21:49:05.764  INFO 7826 --- [    Test worker] com.zaxxer.hikari.HikariDataSource       : HikariPool-1 - Starting...
2021-12-01 21:49:05.929  INFO 7826 --- [    Test worker] com.zaxxer.hikari.HikariDataSource       : HikariPool-1 - Start completed.
2021-12-01 21:49:06.117  INFO 7826 --- [    Test worker] c.e.k.KotlinSpringApplicationTests       : Started KotlinSpringApplicationTests in 2.591 seconds (JVM running for 3.78)
]]></system-out>
  <system-err><![CDATA[]]></system-err>
</testsuite>
